[2021-12-15 10:45:41,664][root][INFO] - importing data from cleaned_data.csv
[2021-12-15 10:45:41,733][root][INFO] - Prepare cross validation with Kfold
[2021-12-15 10:45:41,734][root][INFO] - Split the data into X_train and y_train
[2021-12-15 10:45:41,969][root][INFO] - Enumerating through k-folds
[2021-12-15 10:45:41,987][root][INFO] - train the model
[2021-12-15 10:45:48,984][root][INFO] - inference
[2021-12-15 10:45:51,524][root][INFO] - train the model
[2021-12-15 10:45:58,635][root][INFO] - inference
[2021-12-15 10:46:01,296][root][INFO] - train the model
[2021-12-15 10:46:08,393][root][INFO] - inference
[2021-12-15 10:46:10,936][root][INFO] - train the model
[2021-12-15 10:46:17,923][root][INFO] - inference
[2021-12-15 10:46:20,761][root][INFO] - train the model
[2021-12-15 10:46:28,306][root][INFO] - inference
[2021-12-15 10:46:30,973][root][INFO] - train the model
[2021-12-15 10:46:38,101][root][INFO] - inference
[2021-12-15 10:46:40,664][root][INFO] - train the model
[2021-12-15 10:46:47,856][root][INFO] - inference
[2021-12-15 10:46:50,694][root][INFO] - train the model
[2021-12-15 10:46:58,187][root][INFO] - inference
[2021-12-15 10:47:00,758][root][INFO] - train the model
[2021-12-15 10:47:08,197][root][INFO] - inference
[2021-12-15 10:47:11,011][root][INFO] - train the model
[2021-12-15 10:47:18,747][root][INFO] - inference
